<?xml version="1.0" encoding="UTF-8"?>
<Site BuildName="Linux-g++"
	BuildStamp="20231001-1433-Experimental"
	Name="DESKTOP-F9GHF2T"
	Generator="ctest-3.27.6"
	CompilerName="/usr/bin/g++"
	CompilerVersion="11.4.0"
	OSName="Linux"
	Hostname="DESKTOP-F9GHF2T"
	OSRelease="5.15.90.1-microsoft-standard-WSL2"
	OSVersion="#1 SMP Fri Jan 27 02:56:13 UTC 2023"
	OSPlatform="x86_64"
	Is64Bits="1"
	VendorString="AuthenticAMD"
	VendorID="Advanced Micro Devices"
	FamilyID="23"
	ModelID="113"
	ProcessorCacheSize="512"
	NumberOfLogicalCPU="6"
	NumberOfPhysicalCPU="6"
	TotalVirtualMemory="1024"
	TotalPhysicalMemory="3892"
	LogicalProcessorsPerPhysical="1"
	ProcessorClockFrequency="3593.26"
	>
	<Testing>
		<StartDateTime>Oct 01 11:33 -03</StartDateTime>
		<StartTestTime>1696170780</StartTestTime>
		<TestList/>
		<EndDateTime>Oct 01 11:33 -03</EndDateTime>
		<EndTestTime>1696170780</EndTestTime>
		<ElapsedMinutes>0</ElapsedMinutes>
	</Testing>
</Site>
